<?xml version="1.0" encoding="UTF-8"?>
<!-- Generated by org.testng.reporters.JUnitReportReporter -->
<testsuite hostname="DESKTOP-60F5ORQ" failures="0" tests="1" name="com.automation.exam.tests.TravelocityTests" time="73.946" errors="1" timestamp="10 Feb 2021 22:51:41 GMT">
  <testcase classname="com.automation.exam.tests.TravelocityTests" name="testBookingFlightHotelCar" time="73.946">
    <error message="The following asserts failed:
car item pill is missing, could not rent a car, total price missing in trip info page, Departure and return text missing in trip info page, Guarantee text missing in trip info page, middle name input missing in whos traveling page, verify phone input missing in whos traveling page, Phone code select missing in whos traveling page" type="java.lang.AssertionError">
      <![CDATA[java.lang.AssertionError: The following asserts failed:
car item pill is missing, could not rent a car, total price missing in trip info page, Departure and return text missing in trip info page, Guarantee text missing in trip info page, middle name input missing in whos traveling page, verify phone input missing in whos traveling page, Phone code select missing in whos traveling page
	at org.testng.asserts.SoftAssert.assertAll(SoftAssert.java:37)
	at com.automation.exam.tests.TravelocityTests.testBookingFlightHotelCar(TravelocityTests.java:166)
	at java.base/jdk.internal.reflect.NativeMethodAccessorImpl.invoke0(Native Method)
	at java.base/jdk.internal.reflect.NativeMethodAccessorImpl.invoke(Unknown Source)
	at java.base/jdk.internal.reflect.DelegatingMethodAccessorImpl.invoke(Unknown Source)
	at java.base/java.lang.reflect.Method.invoke(Unknown Source)
	at org.testng.internal.MethodInvocationHelper.invokeMethod(MethodInvocationHelper.java:80)
	at org.testng.internal.Invoker.invokeMethod(Invoker.java:714)
	at org.testng.internal.Invoker.invokeTestMethod(Invoker.java:901)
	at org.testng.internal.Invoker.invokeTestMethods(Invoker.java:1231)
	at org.testng.internal.TestMethodWorker.invokeTestMethods(TestMethodWorker.java:127)
	at org.testng.internal.TestMethodWorker.run(TestMethodWorker.java:111)
	at org.testng.TestRunner.privateRun(TestRunner.java:767)
	at org.testng.TestRunner.run(TestRunner.java:617)
	at org.testng.SuiteRunner.runTest(SuiteRunner.java:334)
	at org.testng.SuiteRunner.runSequentially(SuiteRunner.java:329)
	at org.testng.SuiteRunner.privateRun(SuiteRunner.java:291)
	at org.testng.SuiteRunner.run(SuiteRunner.java:240)
	at org.testng.SuiteRunnerWorker.runSuite(SuiteRunnerWorker.java:52)
	at org.testng.SuiteRunnerWorker.run(SuiteRunnerWorker.java:86)
	at org.testng.TestNG.runSuitesSequentially(TestNG.java:1198)
	at org.testng.TestNG.runSuitesLocally(TestNG.java:1123)
	at org.testng.TestNG.run(TestNG.java:1031)
	at org.testng.remote.AbstractRemoteTestNG.run(AbstractRemoteTestNG.java:115)
	at org.testng.remote.RemoteTestNG.initAndRun(RemoteTestNG.java:251)
	at org.testng.remote.RemoteTestNG.main(RemoteTestNG.java:77)
]]>
    </error>
  </testcase> <!-- testBookingFlightHotelCar -->
</testsuite> <!-- com.automation.exam.tests.TravelocityTests -->
