<?xml version="1.0" encoding="UTF-8"?>
<!-- Generated by org.testng.reporters.JUnitReportReporter -->
<testsuite hostname="DESKTOP-60F5ORQ" failures="0" tests="1" name="com.automation.exam.tests.TravelocityTests" time="37.781" errors="0" timestamp="10 Feb 2021 14:48:05 GMT">
  <testcase classname="com.automation.exam.tests.TravelocityTests" name="testBookingFlightHotelCar" time="37.781"/>
</testsuite> <!-- com.automation.exam.tests.TravelocityTests -->
