<?xml version="1.0" encoding="UTF-8"?>
<!-- Generated by org.testng.reporters.JUnitReportReporter -->
<testsuite hostname="DESKTOP-60F5ORQ" failures="0" tests="1" name="com.automation.exam.tests.TravelocityTests" time="39.603" errors="0" timestamp="10 Feb 2021 13:48:37 GMT">
  <testcase classname="com.automation.exam.tests.TravelocityTests" name="testBookingFlightHotelCar" time="39.603"/>
</testsuite> <!-- com.automation.exam.tests.TravelocityTests -->
