<?xml version="1.0" encoding="UTF-8"?>
<!-- Generated by org.testng.reporters.JUnitReportReporter -->
<testsuite hostname="DESKTOP-60F5ORQ" failures="0" tests="1" name="com.automation.exam.tests.TravelocityTests" time="23.050" errors="0" timestamp="11 Feb 2021 13:23:09 GMT">
  <testcase classname="com.automation.exam.tests.TravelocityTests" name="testSponsoredHotels" time="23.050"/>
</testsuite> <!-- com.automation.exam.tests.TravelocityTests -->
