<?xml version="1.0" encoding="UTF-8"?>
<!-- Generated by org.testng.reporters.JUnitReportReporter -->
<testsuite hostname="DESKTOP-60F5ORQ" failures="0" tests="1" name="com.automation.exam.tests.TravelocityTests" time="25.847" errors="0" timestamp="5 Feb 2021 22:46:57 GMT">
  <testcase classname="com.automation.exam.tests.TravelocityTests" name="testFlightBooking" time="25.847"/>
</testsuite> <!-- com.automation.exam.tests.TravelocityTests -->
