<?xml version="1.0" encoding="UTF-8"?>
<!-- Generated by org.testng.reporters.JUnitReportReporter -->
<testsuite hostname="DESKTOP-60F5ORQ" failures="0" tests="1" name="com.automation.exam.tests.TravelocityTests" time="34.525" errors="0" timestamp="12 Feb 2021 12:56:11 GMT">
  <testcase classname="com.automation.exam.tests.TravelocityTests" name="testCruisesDiscount" time="34.525"/>
</testsuite> <!-- com.automation.exam.tests.TravelocityTests -->
