<?xml version="1.0" encoding="UTF-8"?>
<!-- Generated by org.testng.reporters.JUnitReportReporter -->
<testsuite hostname="DESKTOP-60F5ORQ" failures="0" tests="1" name="com.automation.exam.tests.TravelocityTests" time="15.312" errors="0" timestamp="11 Feb 2021 15:56:31 GMT">
  <testcase classname="com.automation.exam.tests.TravelocityTests" name="testIncorrecDatesWhenBooking" time="15.312"/>
</testsuite> <!-- com.automation.exam.tests.TravelocityTests -->
